mode: set
github.com/onion0904/app/domain/event/event.go:39.19,53.2 1 1
github.com/onion0904/app/domain/event/event.go:60.19,74.2 1 1
github.com/onion0904/app/domain/event/event.go:88.19,90.23 1 1
github.com/onion0904/app/domain/event/event.go:90.23,92.3 1 1
github.com/onion0904/app/domain/event/event.go:94.2,94.126 1 1
github.com/onion0904/app/domain/event/event.go:94.126,96.3 1 1
github.com/onion0904/app/domain/event/event.go:99.2,99.82 1 1
github.com/onion0904/app/domain/event/event.go:99.82,101.3 1 0
github.com/onion0904/app/domain/event/event.go:104.2,105.59 2 1
github.com/onion0904/app/domain/event/event.go:105.59,107.3 1 0
github.com/onion0904/app/domain/event/event.go:107.8,107.23 1 1
github.com/onion0904/app/domain/event/event.go:107.23,109.54 1 0
github.com/onion0904/app/domain/event/event.go:109.54,111.4 1 0
github.com/onion0904/app/domain/event/event.go:111.9,113.4 1 0
github.com/onion0904/app/domain/event/event.go:116.2,116.23 1 1
github.com/onion0904/app/domain/event/event.go:116.23,118.3 1 0
github.com/onion0904/app/domain/event/event.go:120.2,132.8 1 1
github.com/onion0904/app/domain/event/event.go:135.29,137.2 1 1
github.com/onion0904/app/domain/event/event.go:139.33,141.2 1 1
github.com/onion0904/app/domain/event/event.go:143.33,145.2 1 1
github.com/onion0904/app/domain/event/event.go:147.38,149.2 1 1
github.com/onion0904/app/domain/event/event.go:151.30,153.2 1 1
github.com/onion0904/app/domain/event/event.go:155.31,157.2 1 1
github.com/onion0904/app/domain/event/event.go:159.29,161.2 1 1
github.com/onion0904/app/domain/event/event.go:163.34,165.2 1 1
github.com/onion0904/app/domain/event/event.go:167.39,169.2 1 1
github.com/onion0904/app/domain/event/event.go:171.39,173.2 1 1
github.com/onion0904/app/domain/event/event.go:175.43,177.2 1 1
github.com/onion0904/app/domain/event/event.go:179.43,181.2 1 1
github.com/onion0904/app/domain/event/event.go:183.39,185.2 1 1
github.com/onion0904/app/domain/event/event.go:187.37,189.2 1 1
github.com/onion0904/app/domain/event/event.go:191.34,193.2 1 1
github.com/onion0904/app/domain/event/event_domain_service.go:14.23,18.2 1 0
github.com/onion0904/app/domain/event/event_domain_service.go:20.88,22.74 1 0
github.com/onion0904/app/domain/event/event_domain_service.go:22.74,24.3 1 0
github.com/onion0904/app/domain/event/event_domain_service.go:27.2,28.16 2 0
github.com/onion0904/app/domain/event/event_domain_service.go:28.16,30.3 1 0
github.com/onion0904/app/domain/event/event_domain_service.go:33.2,33.35 1 0
github.com/onion0904/app/domain/event/event_domain_service.go:33.35,35.3 1 0
github.com/onion0904/app/domain/event/event_domain_service.go:37.2,38.16 2 0
github.com/onion0904/app/domain/event/event_domain_service.go:38.16,40.3 1 0
github.com/onion0904/app/domain/event/event_domain_service.go:42.2,42.12 1 0
github.com/onion0904/app/domain/event/event_domain_service.go:45.92,48.35 3 0
github.com/onion0904/app/domain/event/event_domain_service.go:48.35,50.16 2 0
github.com/onion0904/app/domain/event/event_domain_service.go:50.16,52.10 1 0
github.com/onion0904/app/domain/event/event_domain_service.go:53.3,53.21 1 0
github.com/onion0904/app/domain/event/event_domain_service.go:53.21,55.4 1 0
github.com/onion0904/app/domain/event/event_domain_service.go:55.8,57.4 1 0
github.com/onion0904/app/domain/event/event_domain_service.go:59.2,59.88 1 0
github.com/onion0904/app/domain/event/event_domain_service.go:59.88,61.3 1 0
github.com/onion0904/app/domain/event/event_domain_service.go:61.7,61.96 1 0
github.com/onion0904/app/domain/event/event_domain_service.go:61.96,63.3 1 0
github.com/onion0904/app/domain/event/event_domain_service.go:63.7,65.3 1 0
